mode: set
github.com/akuity/kargo/pkg/webhook/external/artifactory.go:38.13,41.89 1 1
github.com/akuity/kargo/pkg/webhook/external/artifactory.go:41.89,43.5 1 1
github.com/akuity/kargo/pkg/webhook/external/artifactory.go:62.19,71.2 1 0
github.com/akuity/kargo/pkg/webhook/external/artifactory.go:74.63,76.2 1 0
github.com/akuity/kargo/pkg/webhook/external/artifactory.go:81.21,83.9 2 0
github.com/akuity/kargo/pkg/webhook/external/artifactory.go:83.9,86.3 1 0
github.com/akuity/kargo/pkg/webhook/external/artifactory.go:87.2,87.43 1 0
github.com/akuity/kargo/pkg/webhook/external/artifactory.go:91.86,92.71 1 1
github.com/akuity/kargo/pkg/webhook/external/artifactory.go:92.71,97.10 4 1
github.com/akuity/kargo/pkg/webhook/external/artifactory.go:97.10,100.4 2 1
github.com/akuity/kargo/pkg/webhook/external/artifactory.go:102.3,103.16 2 1
github.com/akuity/kargo/pkg/webhook/external/artifactory.go:103.16,109.4 2 1
github.com/akuity/kargo/pkg/webhook/external/artifactory.go:111.3,115.52 4 1
github.com/akuity/kargo/pkg/webhook/external/artifactory.go:115.52,124.4 2 1
github.com/akuity/kargo/pkg/webhook/external/artifactory.go:126.3,127.63 2 1
github.com/akuity/kargo/pkg/webhook/external/artifactory.go:127.63,133.4 2 1
github.com/akuity/kargo/pkg/webhook/external/artifactory.go:135.3,148.99 3 1
github.com/akuity/kargo/pkg/webhook/external/artifactory.go:148.99,157.4 2 1
github.com/akuity/kargo/pkg/webhook/external/artifactory.go:159.3,159.75 1 1
github.com/akuity/kargo/pkg/webhook/external/artifactory.go:159.75,168.4 2 0
github.com/akuity/kargo/pkg/webhook/external/artifactory.go:170.3,171.17 2 1
github.com/akuity/kargo/pkg/webhook/external/artifactory.go:171.17,180.4 2 0
github.com/akuity/kargo/pkg/webhook/external/artifactory.go:182.3,183.28 2 1
github.com/akuity/kargo/pkg/webhook/external/artifactory.go:183.28,192.4 2 1
github.com/akuity/kargo/pkg/webhook/external/artifactory.go:194.3,195.30 2 1
github.com/akuity/kargo/pkg/webhook/external/artifactory.go:195.30,197.4 1 1
github.com/akuity/kargo/pkg/webhook/external/artifactory.go:199.3,207.33 2 1
github.com/akuity/kargo/pkg/webhook/external/artifactory.go:208.32,209.42 1 1
github.com/akuity/kargo/pkg/webhook/external/artifactory.go:210.34,211.42 1 1
github.com/akuity/kargo/pkg/webhook/external/artifactory.go:212.11,220.10 2 0
github.com/akuity/kargo/pkg/webhook/external/artifactory.go:222.3,224.86 3 1
github.com/akuity/kargo/pkg/webhook/external/azure.go:31.13,34.89 1 1
github.com/akuity/kargo/pkg/webhook/external/azure.go:34.89,36.5 1 1
github.com/akuity/kargo/pkg/webhook/external/azure.go:53.19,61.2 1 0
github.com/akuity/kargo/pkg/webhook/external/azure.go:64.57,66.2 1 0
github.com/akuity/kargo/pkg/webhook/external/azure.go:71.21,73.9 2 0
github.com/akuity/kargo/pkg/webhook/external/azure.go:73.9,76.3 1 0
github.com/akuity/kargo/pkg/webhook/external/azure.go:77.2,77.43 1 0
github.com/akuity/kargo/pkg/webhook/external/azure.go:81.80,82.71 1 1
github.com/akuity/kargo/pkg/webhook/external/azure.go:82.71,87.10 4 1
github.com/akuity/kargo/pkg/webhook/external/azure.go:89.61,90.41 1 1
github.com/akuity/kargo/pkg/webhook/external/azure.go:92.69,93.49 1 1
github.com/akuity/kargo/pkg/webhook/external/azure.go:94.11,104.10 2 1
github.com/akuity/kargo/pkg/webhook/external/azure.go:113.3,115.60 2 1
github.com/akuity/kargo/pkg/webhook/external/azure.go:115.60,123.3 2 1
github.com/akuity/kargo/pkg/webhook/external/azure.go:125.2,125.22 1 1
github.com/akuity/kargo/pkg/webhook/external/azure.go:126.20,137.77 4 1
github.com/akuity/kargo/pkg/webhook/external/azure.go:138.20,145.4 1 1
github.com/akuity/kargo/pkg/webhook/external/azure.go:146.10,154.9 2 0
github.com/akuity/kargo/pkg/webhook/external/azure.go:162.3,164.60 2 1
github.com/akuity/kargo/pkg/webhook/external/azure.go:164.60,172.3 2 0
github.com/akuity/kargo/pkg/webhook/external/azure.go:174.2,174.45 1 1
github.com/akuity/kargo/pkg/webhook/external/azure.go:174.45,183.3 2 0
github.com/akuity/kargo/pkg/webhook/external/azure.go:185.2,193.67 6 1
github.com/akuity/kargo/pkg/webhook/external/azure.go:235.50,237.54 2 1
github.com/akuity/kargo/pkg/webhook/external/azure.go:237.54,239.3 1 1
github.com/akuity/kargo/pkg/webhook/external/azure.go:240.2,240.19 1 1
github.com/akuity/kargo/pkg/webhook/external/bitbucket.go:39.13,42.89 1 1
github.com/akuity/kargo/pkg/webhook/external/bitbucket.go:42.89,44.5 1 1
github.com/akuity/kargo/pkg/webhook/external/bitbucket.go:62.19,70.2 1 0
github.com/akuity/kargo/pkg/webhook/external/bitbucket.go:73.61,75.2 1 0
github.com/akuity/kargo/pkg/webhook/external/bitbucket.go:80.21,82.9 2 0
github.com/akuity/kargo/pkg/webhook/external/bitbucket.go:82.9,84.3 1 0
github.com/akuity/kargo/pkg/webhook/external/bitbucket.go:85.2,85.43 1 0
github.com/akuity/kargo/pkg/webhook/external/bitbucket.go:89.84,90.71 1 1
github.com/akuity/kargo/pkg/webhook/external/bitbucket.go:90.71,96.10 4 1
github.com/akuity/kargo/pkg/webhook/external/bitbucket.go:96.10,99.4 2 1
github.com/akuity/kargo/pkg/webhook/external/bitbucket.go:103.3,109.20 3 1
github.com/akuity/kargo/pkg/webhook/external/bitbucket.go:110.27,111.39 1 1
github.com/akuity/kargo/pkg/webhook/external/bitbucket.go:112.34,113.46 1 1
github.com/akuity/kargo/pkg/webhook/external/bitbucket.go:114.11,122.10 2 1
github.com/akuity/kargo/pkg/webhook/external/bitbucket.go:125.3,126.16 2 1
github.com/akuity/kargo/pkg/webhook/external/bitbucket.go:126.16,132.4 2 1
github.com/akuity/kargo/pkg/webhook/external/bitbucket.go:137.3,137.76 1 1
github.com/akuity/kargo/pkg/webhook/external/bitbucket.go:137.76,143.4 2 1
github.com/akuity/kargo/pkg/webhook/external/bitbucket.go:145.3,145.62 1 1
github.com/akuity/kargo/pkg/webhook/external/bitbucket.go:145.62,151.4 2 1
github.com/akuity/kargo/pkg/webhook/external/bitbucket.go:153.3,160.68 5 1
github.com/akuity/kargo/pkg/webhook/external/bitbucket.go:204.56,206.2 1 1
github.com/akuity/kargo/pkg/webhook/external/bitbucket.go:210.52,212.40 2 1
github.com/akuity/kargo/pkg/webhook/external/bitbucket.go:212.40,214.3 1 1
github.com/akuity/kargo/pkg/webhook/external/bitbucket.go:215.2,215.19 1 1
github.com/akuity/kargo/pkg/webhook/external/bitbucket.go:244.63,246.48 2 1
github.com/akuity/kargo/pkg/webhook/external/bitbucket.go:246.48,248.3 1 1
github.com/akuity/kargo/pkg/webhook/external/bitbucket.go:249.2,249.17 1 1
github.com/akuity/kargo/pkg/webhook/external/bitbucket.go:252.59,254.35 2 1
github.com/akuity/kargo/pkg/webhook/external/bitbucket.go:254.35,256.3 1 1
github.com/akuity/kargo/pkg/webhook/external/bitbucket.go:257.2,257.19 1 1
github.com/akuity/kargo/pkg/webhook/external/config.go:23.41,28.23 2 0
github.com/akuity/kargo/pkg/webhook/external/config.go:28.23,29.56 1 0
github.com/akuity/kargo/pkg/webhook/external/config.go:31.2,32.60 2 0
github.com/akuity/kargo/pkg/webhook/external/config.go:32.60,35.3 2 0
github.com/akuity/kargo/pkg/webhook/external/config.go:36.2,36.12 1 0
github.com/akuity/kargo/pkg/webhook/external/config.go:44.35,48.2 3 0
github.com/akuity/kargo/pkg/webhook/external/dockerhub.go:22.13,25.89 1 1
github.com/akuity/kargo/pkg/webhook/external/dockerhub.go:25.89,27.5 1 1
github.com/akuity/kargo/pkg/webhook/external/dockerhub.go:45.19,53.2 1 0
github.com/akuity/kargo/pkg/webhook/external/dockerhub.go:56.61,58.2 1 0
github.com/akuity/kargo/pkg/webhook/external/dockerhub.go:63.21,65.9 2 0
github.com/akuity/kargo/pkg/webhook/external/dockerhub.go:65.9,67.3 1 0
github.com/akuity/kargo/pkg/webhook/external/dockerhub.go:68.2,68.43 1 0
github.com/akuity/kargo/pkg/webhook/external/dockerhub.go:72.84,73.71 1 1
github.com/akuity/kargo/pkg/webhook/external/dockerhub.go:73.71,88.63 4 1
github.com/akuity/kargo/pkg/webhook/external/dockerhub.go:88.63,94.4 2 1
github.com/akuity/kargo/pkg/webhook/external/dockerhub.go:96.3,106.81 4 1
github.com/akuity/kargo/pkg/webhook/external/generic.go:25.13,28.89 1 1
github.com/akuity/kargo/pkg/webhook/external/generic.go:28.89,30.5 1 1
github.com/akuity/kargo/pkg/webhook/external/generic.go:48.19,57.2 1 0
github.com/akuity/kargo/pkg/webhook/external/generic.go:60.59,62.2 1 0
github.com/akuity/kargo/pkg/webhook/external/generic.go:67.21,69.9 2 0
github.com/akuity/kargo/pkg/webhook/external/generic.go:69.9,72.3 1 0
github.com/akuity/kargo/pkg/webhook/external/generic.go:73.2,73.43 1 0
github.com/akuity/kargo/pkg/webhook/external/generic.go:77.82,78.71 1 1
github.com/akuity/kargo/pkg/webhook/external/generic.go:78.71,83.17 4 1
github.com/akuity/kargo/pkg/webhook/external/generic.go:83.17,88.4 3 1
github.com/akuity/kargo/pkg/webhook/external/generic.go:90.3,91.43 2 1
github.com/akuity/kargo/pkg/webhook/external/generic.go:91.43,99.18 4 1
github.com/akuity/kargo/pkg/webhook/external/generic.go:99.18,102.13 3 1
github.com/akuity/kargo/pkg/webhook/external/generic.go:105.4,106.18 2 1
github.com/akuity/kargo/pkg/webhook/external/generic.go:106.18,108.13 2 1
github.com/akuity/kargo/pkg/webhook/external/generic.go:111.4,115.5 1 1
github.com/akuity/kargo/pkg/webhook/external/generic.go:117.3,118.41 2 1
github.com/akuity/kargo/pkg/webhook/external/generic.go:118.41,120.4 1 1
github.com/akuity/kargo/pkg/webhook/external/generic.go:121.3,123.4 1 1
github.com/akuity/kargo/pkg/webhook/external/generic.go:127.78,129.59 2 1
github.com/akuity/kargo/pkg/webhook/external/generic.go:129.59,131.3 1 1
github.com/akuity/kargo/pkg/webhook/external/generic.go:132.2,143.8 1 1
github.com/akuity/kargo/pkg/webhook/external/generic.go:146.78,148.16 2 1
github.com/akuity/kargo/pkg/webhook/external/generic.go:148.16,150.3 1 1
github.com/akuity/kargo/pkg/webhook/external/generic.go:151.2,152.16 2 1
github.com/akuity/kargo/pkg/webhook/external/generic.go:152.16,154.3 1 1
github.com/akuity/kargo/pkg/webhook/external/generic.go:155.2,156.9 2 1
github.com/akuity/kargo/pkg/webhook/external/generic.go:156.9,158.3 1 1
github.com/akuity/kargo/pkg/webhook/external/generic.go:159.2,159.23 1 1
github.com/akuity/kargo/pkg/webhook/external/generic.go:162.61,163.71 1 1
github.com/akuity/kargo/pkg/webhook/external/generic.go:163.71,165.3 1 1
github.com/akuity/kargo/pkg/webhook/external/generic.go:168.38,169.40 1 1
github.com/akuity/kargo/pkg/webhook/external/generic.go:169.40,171.3 1 1
github.com/akuity/kargo/pkg/webhook/external/generic.go:172.2,172.38 1 1
github.com/akuity/kargo/pkg/webhook/external/generic.go:172.38,173.25 1 1
github.com/akuity/kargo/pkg/webhook/external/generic.go:173.25,175.4 1 1
github.com/akuity/kargo/pkg/webhook/external/generic.go:176.3,176.24 1 1
github.com/akuity/kargo/pkg/webhook/external/generic.go:177.49,178.50 1 1
github.com/akuity/kargo/pkg/webhook/external/generic.go:178.50,178.77 1 1
github.com/akuity/kargo/pkg/webhook/external/generic.go:179.4,179.62 1 1
github.com/akuity/kargo/pkg/webhook/external/generic.go:179.62,181.5 1 1
github.com/akuity/kargo/pkg/webhook/external/generic.go:184.2,184.14 1 1
github.com/akuity/kargo/pkg/webhook/external/generic_actions.go:18.73,25.2 1 1
github.com/akuity/kargo/pkg/webhook/external/generic_actions.go:40.84,43.43 3 1
github.com/akuity/kargo/pkg/webhook/external/generic_actions.go:43.43,45.3 1 1
github.com/akuity/kargo/pkg/webhook/external/generic_actions.go:46.2,47.18 2 1
github.com/akuity/kargo/pkg/webhook/external/generic_actions.go:54.18,56.27 2 1
github.com/akuity/kargo/pkg/webhook/external/generic_actions.go:57.48,58.58 1 1
github.com/akuity/kargo/pkg/webhook/external/generic_actions.go:60.2,60.22 1 1
github.com/akuity/kargo/pkg/webhook/external/generic_actions.go:67.18,70.40 3 1
github.com/akuity/kargo/pkg/webhook/external/generic_actions.go:70.40,81.17 5 1
github.com/akuity/kargo/pkg/webhook/external/generic_actions.go:81.17,84.12 3 1
github.com/akuity/kargo/pkg/webhook/external/generic_actions.go:86.3,86.76 1 1
github.com/akuity/kargo/pkg/webhook/external/generic_actions.go:88.2,89.22 2 1
github.com/akuity/kargo/pkg/webhook/external/gitea.go:29.13,32.89 1 1
github.com/akuity/kargo/pkg/webhook/external/gitea.go:32.89,34.5 1 1
github.com/akuity/kargo/pkg/webhook/external/gitea.go:51.19,59.2 1 0
github.com/akuity/kargo/pkg/webhook/external/gitea.go:62.57,64.2 1 0
github.com/akuity/kargo/pkg/webhook/external/gitea.go:69.21,71.9 2 0
github.com/akuity/kargo/pkg/webhook/external/gitea.go:71.9,74.3 1 0
github.com/akuity/kargo/pkg/webhook/external/gitea.go:75.2,75.43 1 0
github.com/akuity/kargo/pkg/webhook/external/gitea.go:79.80,80.71 1 1
github.com/akuity/kargo/pkg/webhook/external/gitea.go:80.71,86.10 4 1
github.com/akuity/kargo/pkg/webhook/external/gitea.go:86.10,89.4 2 1
github.com/akuity/kargo/pkg/webhook/external/gitea.go:91.3,92.20 2 1
github.com/akuity/kargo/pkg/webhook/external/gitea.go:93.27,93.27 0 1
github.com/akuity/kargo/pkg/webhook/external/gitea.go:94.11,102.10 2 1
github.com/akuity/kargo/pkg/webhook/external/gitea.go:105.3,109.16 4 1
github.com/akuity/kargo/pkg/webhook/external/gitea.go:109.16,115.4 2 1
github.com/akuity/kargo/pkg/webhook/external/gitea.go:120.3,120.76 1 1
github.com/akuity/kargo/pkg/webhook/external/gitea.go:120.76,126.4 2 1
github.com/akuity/kargo/pkg/webhook/external/gitea.go:128.3,134.63 2 1
github.com/akuity/kargo/pkg/webhook/external/gitea.go:134.63,140.4 2 1
github.com/akuity/kargo/pkg/webhook/external/gitea.go:143.3,150.72 4 1
github.com/akuity/kargo/pkg/webhook/external/github.go:41.13,44.89 1 1
github.com/akuity/kargo/pkg/webhook/external/github.go:44.89,46.5 1 1
github.com/akuity/kargo/pkg/webhook/external/github.go:63.19,71.2 1 1
github.com/akuity/kargo/pkg/webhook/external/github.go:74.58,76.2 1 1
github.com/akuity/kargo/pkg/webhook/external/github.go:81.21,83.9 2 1
github.com/akuity/kargo/pkg/webhook/external/github.go:83.9,85.3 1 1
github.com/akuity/kargo/pkg/webhook/external/github.go:86.2,86.43 1 1
github.com/akuity/kargo/pkg/webhook/external/github.go:90.81,91.71 1 1
github.com/akuity/kargo/pkg/webhook/external/github.go:91.71,97.10 4 1
github.com/akuity/kargo/pkg/webhook/external/github.go:97.10,100.4 2 1
github.com/akuity/kargo/pkg/webhook/external/github.go:102.3,103.20 2 1
github.com/akuity/kargo/pkg/webhook/external/github.go:107.35,107.35 0 1
github.com/akuity/kargo/pkg/webhook/external/github.go:108.11,116.10 2 1
github.com/akuity/kargo/pkg/webhook/external/github.go:119.3,123.16 4 1
github.com/akuity/kargo/pkg/webhook/external/github.go:123.16,129.4 2 1
github.com/akuity/kargo/pkg/webhook/external/github.go:131.3,131.76 1 1
github.com/akuity/kargo/pkg/webhook/external/github.go:131.76,137.4 2 1
github.com/akuity/kargo/pkg/webhook/external/github.go:139.3,140.17 2 1
github.com/akuity/kargo/pkg/webhook/external/github.go:140.17,146.4 2 1
github.com/akuity/kargo/pkg/webhook/external/github.go:148.3,151.28 3 1
github.com/akuity/kargo/pkg/webhook/external/github.go:152.25,154.18 2 1
github.com/akuity/kargo/pkg/webhook/external/github.go:156.32,156.32 0 1
github.com/akuity/kargo/pkg/webhook/external/github.go:157.12,159.11 2 1
github.com/akuity/kargo/pkg/webhook/external/github.go:161.4,162.52 2 1
github.com/akuity/kargo/pkg/webhook/external/github.go:162.52,168.5 2 1
github.com/akuity/kargo/pkg/webhook/external/github.go:169.4,169.32 1 1
github.com/akuity/kargo/pkg/webhook/external/github.go:171.57,171.57 0 1
github.com/akuity/kargo/pkg/webhook/external/github.go:172.12,174.11 2 1
github.com/akuity/kargo/pkg/webhook/external/github.go:176.4,180.58 5 1
github.com/akuity/kargo/pkg/webhook/external/github.go:180.58,182.5 1 1
github.com/akuity/kargo/pkg/webhook/external/github.go:183.4,201.5 4 1
github.com/akuity/kargo/pkg/webhook/external/github.go:202.22,210.10 2 1
github.com/akuity/kargo/pkg/webhook/external/github.go:212.22,220.42 4 1
github.com/akuity/kargo/pkg/webhook/external/github.go:222.33,224.18 2 1
github.com/akuity/kargo/pkg/webhook/external/github.go:226.32,226.32 0 1
github.com/akuity/kargo/pkg/webhook/external/github.go:227.12,229.11 2 1
github.com/akuity/kargo/pkg/webhook/external/github.go:231.4,232.52 2 1
github.com/akuity/kargo/pkg/webhook/external/github.go:232.52,238.5 2 1
github.com/akuity/kargo/pkg/webhook/external/github.go:239.4,239.32 1 1
github.com/akuity/kargo/pkg/webhook/external/github.go:241.57,241.57 0 1
github.com/akuity/kargo/pkg/webhook/external/github.go:242.12,244.11 2 1
github.com/akuity/kargo/pkg/webhook/external/github.go:246.4,250.58 5 1
github.com/akuity/kargo/pkg/webhook/external/github.go:250.58,252.5 1 1
github.com/akuity/kargo/pkg/webhook/external/github.go:253.4,268.5 4 1
github.com/akuity/kargo/pkg/webhook/external/github.go:271.3,274.74 3 1
github.com/akuity/kargo/pkg/webhook/external/gitlab.go:27.13,30.89 1 1
github.com/akuity/kargo/pkg/webhook/external/gitlab.go:30.89,32.5 1 1
github.com/akuity/kargo/pkg/webhook/external/gitlab.go:49.19,57.2 1 0
github.com/akuity/kargo/pkg/webhook/external/gitlab.go:60.58,62.2 1 0
github.com/akuity/kargo/pkg/webhook/external/gitlab.go:67.21,69.9 2 0
github.com/akuity/kargo/pkg/webhook/external/gitlab.go:69.9,71.3 1 0
github.com/akuity/kargo/pkg/webhook/external/gitlab.go:72.2,72.37 1 0
github.com/akuity/kargo/pkg/webhook/external/gitlab.go:76.81,77.71 1 1
github.com/akuity/kargo/pkg/webhook/external/gitlab.go:77.71,83.10 4 1
github.com/akuity/kargo/pkg/webhook/external/gitlab.go:83.10,86.4 2 1
github.com/akuity/kargo/pkg/webhook/external/gitlab.go:88.3,88.44 1 1
github.com/akuity/kargo/pkg/webhook/external/gitlab.go:88.44,91.4 2 1
github.com/akuity/kargo/pkg/webhook/external/gitlab.go:93.3,94.20 2 1
github.com/akuity/kargo/pkg/webhook/external/gitlab.go:95.46,95.46 0 1
github.com/akuity/kargo/pkg/webhook/external/gitlab.go:96.11,104.10 2 1
github.com/akuity/kargo/pkg/webhook/external/gitlab.go:107.3,111.17 4 1
github.com/akuity/kargo/pkg/webhook/external/gitlab.go:111.17,117.4 2 1
github.com/akuity/kargo/pkg/webhook/external/gitlab.go:119.3,119.28 1 1
github.com/akuity/kargo/pkg/webhook/external/gitlab.go:120.22,122.27 2 1
github.com/akuity/kargo/pkg/webhook/external/gitlab.go:122.27,124.5 1 1
github.com/akuity/kargo/pkg/webhook/external/gitlab.go:125.4,130.67 3 1
github.com/akuity/kargo/pkg/webhook/external/gitlab.go:131.21,133.27 2 1
github.com/akuity/kargo/pkg/webhook/external/gitlab.go:133.27,135.5 1 1
github.com/akuity/kargo/pkg/webhook/external/gitlab.go:136.4,141.67 3 1
github.com/akuity/kargo/pkg/webhook/external/harbor.go:25.13,28.89 1 1
github.com/akuity/kargo/pkg/webhook/external/harbor.go:28.89,30.5 1 1
github.com/akuity/kargo/pkg/webhook/external/harbor.go:47.19,55.2 1 0
github.com/akuity/kargo/pkg/webhook/external/harbor.go:58.58,60.2 1 0
github.com/akuity/kargo/pkg/webhook/external/harbor.go:65.21,67.9 2 0
github.com/akuity/kargo/pkg/webhook/external/harbor.go:67.9,72.3 1 0
github.com/akuity/kargo/pkg/webhook/external/harbor.go:73.2,73.43 1 0
github.com/akuity/kargo/pkg/webhook/external/harbor.go:77.81,78.71 1 1
github.com/akuity/kargo/pkg/webhook/external/harbor.go:78.71,84.10 5 1
github.com/akuity/kargo/pkg/webhook/external/harbor.go:84.10,87.4 2 1
github.com/akuity/kargo/pkg/webhook/external/harbor.go:89.3,90.23 2 1
github.com/akuity/kargo/pkg/webhook/external/harbor.go:90.23,96.4 2 1
github.com/akuity/kargo/pkg/webhook/external/harbor.go:101.3,101.34 1 1
github.com/akuity/kargo/pkg/webhook/external/harbor.go:101.34,110.4 2 1
github.com/akuity/kargo/pkg/webhook/external/harbor.go:114.3,126.63 3 1
github.com/akuity/kargo/pkg/webhook/external/harbor.go:126.63,134.4 2 1
github.com/akuity/kargo/pkg/webhook/external/harbor.go:137.3,137.42 1 1
github.com/akuity/kargo/pkg/webhook/external/harbor.go:137.42,145.4 2 1
github.com/akuity/kargo/pkg/webhook/external/harbor.go:147.3,149.43 3 1
github.com/akuity/kargo/pkg/webhook/external/harbor.go:149.43,161.52 3 1
github.com/akuity/kargo/pkg/webhook/external/harbor.go:161.52,163.5 1 1
github.com/akuity/kargo/pkg/webhook/external/harbor.go:166.3,171.68 3 1
github.com/akuity/kargo/pkg/webhook/external/list.go:21.28,23.16 2 1
github.com/akuity/kargo/pkg/webhook/external/list.go:23.16,25.3 1 1
github.com/akuity/kargo/pkg/webhook/external/list.go:26.2,26.21 1 1
github.com/akuity/kargo/pkg/webhook/external/list.go:27.50,29.69 2 1
github.com/akuity/kargo/pkg/webhook/external/list.go:29.69,31.4 1 1
github.com/akuity/kargo/pkg/webhook/external/list.go:32.3,32.24 1 1
github.com/akuity/kargo/pkg/webhook/external/list.go:32.24,34.4 1 1
github.com/akuity/kargo/pkg/webhook/external/list.go:35.3,36.17 2 1
github.com/akuity/kargo/pkg/webhook/external/list.go:36.17,38.4 1 1
github.com/akuity/kargo/pkg/webhook/external/list.go:39.3,39.39 1 1
github.com/akuity/kargo/pkg/webhook/external/list.go:39.39,40.23 1 1
github.com/akuity/kargo/pkg/webhook/external/list.go:40.23,42.5 1 1
github.com/akuity/kargo/pkg/webhook/external/list.go:44.3,44.18 1 1
github.com/akuity/kargo/pkg/webhook/external/list.go:45.10,46.69 1 1
github.com/akuity/kargo/pkg/webhook/external/list.go:57.32,60.16 3 1
github.com/akuity/kargo/pkg/webhook/external/list.go:60.16,62.3 1 1
github.com/akuity/kargo/pkg/webhook/external/list.go:63.2,65.16 3 1
github.com/akuity/kargo/pkg/webhook/external/list.go:65.16,67.3 1 1
github.com/akuity/kargo/pkg/webhook/external/list.go:68.2,69.22 2 1
github.com/akuity/kargo/pkg/webhook/external/list.go:77.32,79.39 2 1
github.com/akuity/kargo/pkg/webhook/external/list.go:79.39,81.17 2 1
github.com/akuity/kargo/pkg/webhook/external/list.go:81.17,83.4 1 1
github.com/akuity/kargo/pkg/webhook/external/list.go:84.3,85.24 2 1
github.com/akuity/kargo/pkg/webhook/external/list.go:86.55,87.56 1 1
github.com/akuity/kargo/pkg/webhook/external/list.go:88.58,89.59 1 1
github.com/akuity/kargo/pkg/webhook/external/list.go:90.11,91.97 1 1
github.com/akuity/kargo/pkg/webhook/external/list.go:93.3,93.74 1 1
github.com/akuity/kargo/pkg/webhook/external/list.go:95.2,95.22 1 1
github.com/akuity/kargo/pkg/webhook/external/list.go:100.111,103.16 3 1
github.com/akuity/kargo/pkg/webhook/external/list.go:103.16,105.3 1 1
github.com/akuity/kargo/pkg/webhook/external/list.go:106.2,108.16 3 1
github.com/akuity/kargo/pkg/webhook/external/list.go:108.16,110.3 1 1
github.com/akuity/kargo/pkg/webhook/external/list.go:111.2,112.25 2 1
github.com/akuity/kargo/pkg/webhook/external/list.go:112.25,114.3 1 1
github.com/akuity/kargo/pkg/webhook/external/list.go:115.2,119.8 1 1
github.com/akuity/kargo/pkg/webhook/external/list.go:125.33,127.40 2 1
github.com/akuity/kargo/pkg/webhook/external/list.go:127.40,129.17 2 1
github.com/akuity/kargo/pkg/webhook/external/list.go:129.17,131.4 1 1
github.com/akuity/kargo/pkg/webhook/external/list.go:132.3,133.17 2 1
github.com/akuity/kargo/pkg/webhook/external/list.go:133.17,135.4 1 1
github.com/akuity/kargo/pkg/webhook/external/list.go:136.3,137.17 2 1
github.com/akuity/kargo/pkg/webhook/external/list.go:137.17,139.4 1 1
github.com/akuity/kargo/pkg/webhook/external/list.go:140.3,140.43 1 1
github.com/akuity/kargo/pkg/webhook/external/list.go:142.2,142.23 1 1
github.com/akuity/kargo/pkg/webhook/external/list.go:148.33,150.32 2 1
github.com/akuity/kargo/pkg/webhook/external/list.go:150.32,152.17 2 1
github.com/akuity/kargo/pkg/webhook/external/list.go:152.17,154.4 1 1
github.com/akuity/kargo/pkg/webhook/external/list.go:155.3,156.17 2 1
github.com/akuity/kargo/pkg/webhook/external/list.go:156.17,158.4 1 1
github.com/akuity/kargo/pkg/webhook/external/list.go:159.3,159.38 1 1
github.com/akuity/kargo/pkg/webhook/external/list.go:161.2,161.23 1 1
github.com/akuity/kargo/pkg/webhook/external/list.go:168.88,169.12 1 1
github.com/akuity/kargo/pkg/webhook/external/list.go:170.32,171.27 1 1
github.com/akuity/kargo/pkg/webhook/external/list.go:172.35,173.30 1 1
github.com/akuity/kargo/pkg/webhook/external/list.go:174.36,175.31 1 1
github.com/akuity/kargo/pkg/webhook/external/list.go:176.42,177.37 1 1
github.com/akuity/kargo/pkg/webhook/external/list.go:178.10,179.69 1 1
github.com/akuity/kargo/pkg/webhook/external/list.go:188.31,190.23 2 1
github.com/akuity/kargo/pkg/webhook/external/list.go:190.23,192.3 1 1
github.com/akuity/kargo/pkg/webhook/external/list.go:193.2,193.13 1 1
github.com/akuity/kargo/pkg/webhook/external/list.go:196.70,198.25 2 1
github.com/akuity/kargo/pkg/webhook/external/list.go:198.25,200.17 2 1
github.com/akuity/kargo/pkg/webhook/external/list.go:200.17,202.4 1 1
github.com/akuity/kargo/pkg/webhook/external/list.go:203.3,203.16 1 1
github.com/akuity/kargo/pkg/webhook/external/list.go:205.2,205.20 1 1
github.com/akuity/kargo/pkg/webhook/external/list.go:208.68,210.16 2 1
github.com/akuity/kargo/pkg/webhook/external/list.go:210.16,212.3 1 1
github.com/akuity/kargo/pkg/webhook/external/list.go:213.2,214.9 2 1
github.com/akuity/kargo/pkg/webhook/external/list.go:214.9,216.3 1 1
github.com/akuity/kargo/pkg/webhook/external/list.go:217.2,217.15 1 1
github.com/akuity/kargo/pkg/webhook/external/media_types.go:82.69,83.63 1 1
github.com/akuity/kargo/pkg/webhook/external/media_types.go:83.63,85.3 1 1
github.com/akuity/kargo/pkg/webhook/external/media_types.go:86.2,86.66 1 1
github.com/akuity/kargo/pkg/webhook/external/media_types.go:86.66,88.3 1 1
github.com/akuity/kargo/pkg/webhook/external/media_types.go:93.2,96.4 1 1
github.com/akuity/kargo/pkg/webhook/external/quay.go:23.13,26.89 1 1
github.com/akuity/kargo/pkg/webhook/external/quay.go:26.89,28.5 1 1
github.com/akuity/kargo/pkg/webhook/external/quay.go:45.19,53.2 1 0
github.com/akuity/kargo/pkg/webhook/external/quay.go:56.56,58.2 1 0
github.com/akuity/kargo/pkg/webhook/external/quay.go:63.21,65.9 2 0
github.com/akuity/kargo/pkg/webhook/external/quay.go:65.9,67.3 1 0
github.com/akuity/kargo/pkg/webhook/external/quay.go:68.2,68.43 1 0
github.com/akuity/kargo/pkg/webhook/external/quay.go:72.79,73.71 1 1
github.com/akuity/kargo/pkg/webhook/external/quay.go:73.71,84.63 5 1
github.com/akuity/kargo/pkg/webhook/external/quay.go:84.63,92.4 2 1
github.com/akuity/kargo/pkg/webhook/external/quay.go:100.3,110.83 4 1
github.com/akuity/kargo/pkg/webhook/external/receiver.go:56.54,58.2 1 1
github.com/akuity/kargo/pkg/webhook/external/receiver.go:61.75,63.2 1 1
github.com/akuity/kargo/pkg/webhook/external/receiver.go:68.3,70.2 1 1
github.com/akuity/kargo/pkg/webhook/external/receiver.go:73.76,75.2 1 0
github.com/akuity/kargo/pkg/webhook/external/receiver.go:78.62,80.2 1 1
github.com/akuity/kargo/pkg/webhook/external/receiver.go:91.28,95.16 2 1
github.com/akuity/kargo/pkg/webhook/external/receiver.go:95.16,97.3 1 1
github.com/akuity/kargo/pkg/webhook/external/receiver.go:98.2,109.16 5 1
github.com/akuity/kargo/pkg/webhook/external/receiver.go:109.16,114.3 1 1
github.com/akuity/kargo/pkg/webhook/external/receiver.go:117.2,121.16 3 1
github.com/akuity/kargo/pkg/webhook/external/receiver.go:121.16,126.3 1 1
github.com/akuity/kargo/pkg/webhook/external/receiver.go:129.2,136.16 2 1
github.com/akuity/kargo/pkg/webhook/external/receiver.go:136.16,142.3 1 0
github.com/akuity/kargo/pkg/webhook/external/receiver.go:144.2,145.22 2 1
github.com/akuity/kargo/pkg/webhook/external/receiver.go:156.44,158.16 2 1
github.com/akuity/kargo/pkg/webhook/external/receiver.go:158.16,161.3 1 0
github.com/akuity/kargo/pkg/webhook/external/receiver.go:162.2,162.110 1 1
github.com/akuity/kargo/pkg/webhook/external/receiver.go:162.110,165.3 1 0
github.com/akuity/kargo/pkg/webhook/external/receiver.go:166.2,170.8 1 1
github.com/akuity/kargo/pkg/webhook/external/receiver.go:187.19,188.20 1 1
github.com/akuity/kargo/pkg/webhook/external/receiver.go:188.20,190.3 1 1
github.com/akuity/kargo/pkg/webhook/external/receiver.go:191.2,198.3 4 1
github.com/akuity/kargo/pkg/webhook/external/refresh.go:31.19,34.30 3 1
github.com/akuity/kargo/pkg/webhook/external/refresh.go:34.30,41.56 3 1
github.com/akuity/kargo/pkg/webhook/external/refresh.go:41.56,44.4 2 1
github.com/akuity/kargo/pkg/webhook/external/refresh.go:44.9,47.4 2 1
github.com/akuity/kargo/pkg/webhook/external/refresh.go:49.2,49.23 1 1
github.com/akuity/kargo/pkg/webhook/external/refresh.go:64.3,72.44 4 1
github.com/akuity/kargo/pkg/webhook/external/refresh.go:72.44,74.3 1 0
github.com/akuity/kargo/pkg/webhook/external/refresh.go:77.2,81.48 3 1
github.com/akuity/kargo/pkg/webhook/external/refresh.go:81.48,83.3 1 0
github.com/akuity/kargo/pkg/webhook/external/refresh.go:86.2,88.35 2 1
github.com/akuity/kargo/pkg/webhook/external/refresh.go:88.35,95.20 4 1
github.com/akuity/kargo/pkg/webhook/external/refresh.go:95.20,97.4 1 1
github.com/akuity/kargo/pkg/webhook/external/refresh.go:99.3,100.55 2 1
github.com/akuity/kargo/pkg/webhook/external/refresh.go:100.55,104.4 3 1
github.com/akuity/kargo/pkg/webhook/external/refresh.go:106.3,106.31 1 1
github.com/akuity/kargo/pkg/webhook/external/refresh.go:106.31,108.67 2 1
github.com/akuity/kargo/pkg/webhook/external/refresh.go:108.67,109.13 1 0
github.com/akuity/kargo/pkg/webhook/external/refresh.go:111.4,111.27 1 1
github.com/akuity/kargo/pkg/webhook/external/refresh.go:111.27,113.19 2 1
github.com/akuity/kargo/pkg/webhook/external/refresh.go:113.19,121.6 3 0
github.com/akuity/kargo/pkg/webhook/external/refresh.go:122.5,122.22 1 1
github.com/akuity/kargo/pkg/webhook/external/refresh.go:122.22,124.6 1 1
github.com/akuity/kargo/pkg/webhook/external/refresh.go:125.10,127.5 1 1
github.com/akuity/kargo/pkg/webhook/external/refresh.go:131.2,134.31 3 1
github.com/akuity/kargo/pkg/webhook/external/refresh.go:134.31,139.64 2 1
github.com/akuity/kargo/pkg/webhook/external/refresh.go:139.64,142.4 2 1
github.com/akuity/kargo/pkg/webhook/external/refresh.go:142.9,144.4 1 1
github.com/akuity/kargo/pkg/webhook/external/refresh.go:147.2,147.18 1 1
github.com/akuity/kargo/pkg/webhook/external/refresh.go:147.18,159.3 2 1
github.com/akuity/kargo/pkg/webhook/external/refresh.go:160.2,166.3 1 1
github.com/akuity/kargo/pkg/webhook/external/refresh.go:174.17,176.42 2 1
github.com/akuity/kargo/pkg/webhook/external/refresh.go:176.42,177.10 1 1
github.com/akuity/kargo/pkg/webhook/external/refresh.go:178.68,180.18 2 1
github.com/akuity/kargo/pkg/webhook/external/refresh.go:180.18,184.5 1 0
github.com/akuity/kargo/pkg/webhook/external/refresh.go:185.4,185.72 1 1
github.com/akuity/kargo/pkg/webhook/external/refresh.go:186.74,188.18 2 1
github.com/akuity/kargo/pkg/webhook/external/refresh.go:188.18,192.5 1 0
github.com/akuity/kargo/pkg/webhook/external/refresh.go:193.4,193.72 1 1
github.com/akuity/kargo/pkg/webhook/external/refresh.go:194.74,196.18 2 1
github.com/akuity/kargo/pkg/webhook/external/refresh.go:196.18,200.5 1 0
github.com/akuity/kargo/pkg/webhook/external/refresh.go:201.4,201.76 1 1
github.com/akuity/kargo/pkg/webhook/external/refresh.go:203.3,203.20 1 1
github.com/akuity/kargo/pkg/webhook/external/refresh.go:203.20,205.4 1 1
github.com/akuity/kargo/pkg/webhook/external/refresh.go:207.2,207.19 1 1
github.com/akuity/kargo/pkg/webhook/external/router.go:19.64,46.16 10 1
github.com/akuity/kargo/pkg/webhook/external/router.go:46.16,50.3 3 1
github.com/akuity/kargo/pkg/webhook/external/router.go:53.2,53.36 1 1
github.com/akuity/kargo/pkg/webhook/external/router.go:53.36,59.3 5 1
github.com/akuity/kargo/pkg/webhook/external/router.go:59.8,66.17 3 1
github.com/akuity/kargo/pkg/webhook/external/router.go:66.17,70.4 3 1
github.com/akuity/kargo/pkg/webhook/external/router.go:71.3,71.24 1 1
github.com/akuity/kargo/pkg/webhook/external/router.go:71.24,75.4 3 1
github.com/akuity/kargo/pkg/webhook/external/router.go:76.3,77.42 2 1
github.com/akuity/kargo/pkg/webhook/external/router.go:77.42,89.4 3 1
github.com/akuity/kargo/pkg/webhook/external/router.go:90.3,92.49 3 1
github.com/akuity/kargo/pkg/webhook/external/router.go:95.2,96.24 2 1
github.com/akuity/kargo/pkg/webhook/external/router.go:96.24,100.3 3 1
github.com/akuity/kargo/pkg/webhook/external/router.go:101.2,111.16 3 1
github.com/akuity/kargo/pkg/webhook/external/router.go:111.16,115.3 3 0
github.com/akuity/kargo/pkg/webhook/external/router.go:118.2,119.68 2 1
github.com/akuity/kargo/pkg/webhook/external/router.go:119.68,128.3 2 0
github.com/akuity/kargo/pkg/webhook/external/router.go:130.2,131.16 2 1
github.com/akuity/kargo/pkg/webhook/external/router.go:131.16,132.46 1 0
github.com/akuity/kargo/pkg/webhook/external/router.go:132.46,138.4 2 0
github.com/akuity/kargo/pkg/webhook/external/router.go:139.3,140.9 2 0
github.com/akuity/kargo/pkg/webhook/external/router.go:143.2,143.33 1 1
github.com/akuity/kargo/pkg/webhook/external/router.go:154.35,155.37 1 1
github.com/akuity/kargo/pkg/webhook/external/router.go:155.37,156.28 1 1
github.com/akuity/kargo/pkg/webhook/external/router.go:156.28,157.45 1 1
github.com/akuity/kargo/pkg/webhook/external/router.go:157.45,158.42 1 1
github.com/akuity/kargo/pkg/webhook/external/router.go:158.42,160.6 1 1
github.com/akuity/kargo/pkg/webhook/external/router.go:162.4,162.14 1 1
github.com/akuity/kargo/pkg/webhook/external/router.go:165.2,165.12 1 0
github.com/akuity/kargo/pkg/webhook/external/server.go:24.59,29.2 1 1
github.com/akuity/kargo/pkg/webhook/external/server.go:31.67,36.74 3 1
github.com/akuity/kargo/pkg/webhook/external/server.go:36.74,38.3 1 1
github.com/akuity/kargo/pkg/webhook/external/server.go:40.2,47.12 4 1
github.com/akuity/kargo/pkg/webhook/external/server.go:47.12,48.29 1 1
github.com/akuity/kargo/pkg/webhook/external/server.go:48.29,54.4 1 0
github.com/akuity/kargo/pkg/webhook/external/server.go:54.9,56.4 1 1
github.com/akuity/kargo/pkg/webhook/external/server.go:59.2,65.9 2 1
github.com/akuity/kargo/pkg/webhook/external/server.go:66.20,69.44 3 1
github.com/akuity/kargo/pkg/webhook/external/server.go:70.22,71.43 1 0
github.com/akuity/kargo/pkg/webhook/external/server.go:71.43,73.4 1 0
github.com/akuity/kargo/pkg/webhook/external/server.go:74.3,74.13 1 0
